d:\uni\git\unimod\libs\sdl\sdl2-2.0.3\visualc\sdl\win32\release\vc120.pdb
d:\uni\git\unimod\libs\sdl\sdl2-2.0.3\visualc\sdl\win32\release\s_sin.obj
d:\uni\git\unimod\libs\sdl\sdl2-2.0.3\visualc\sdl\win32\release\s_scalbn.obj
d:\uni\git\unimod\libs\sdl\sdl2-2.0.3\visualc\sdl\win32\release\s_floor.obj
d:\uni\git\unimod\libs\sdl\sdl2-2.0.3\visualc\sdl\win32\release\s_fabs.obj
d:\uni\git\unimod\libs\sdl\sdl2-2.0.3\visualc\sdl\win32\release\s_cos.obj
d:\uni\git\unimod\libs\sdl\sdl2-2.0.3\visualc\sdl\win32\release\s_copysign.obj
d:\uni\git\unimod\libs\sdl\sdl2-2.0.3\visualc\sdl\win32\release\s_atan.obj
d:\uni\git\unimod\libs\sdl\sdl2-2.0.3\visualc\sdl\win32\release\k_sin.obj
d:\uni\git\unimod\libs\sdl\sdl2-2.0.3\visualc\sdl\win32\release\k_rem_pio2.obj
d:\uni\git\unimod\libs\sdl\sdl2-2.0.3\visualc\sdl\win32\release\k_cos.obj
d:\uni\git\unimod\libs\sdl\sdl2-2.0.3\visualc\sdl\win32\release\e_sqrt.obj
d:\uni\git\unimod\libs\sdl\sdl2-2.0.3\visualc\sdl\win32\release\e_rem_pio2.obj
d:\uni\git\unimod\libs\sdl\sdl2-2.0.3\visualc\sdl\win32\release\e_pow.obj
d:\uni\git\unimod\libs\sdl\sdl2-2.0.3\visualc\sdl\win32\release\e_log.obj
d:\uni\git\unimod\libs\sdl\sdl2-2.0.3\visualc\sdl\win32\release\e_atan2.obj
d:\uni\git\unimod\libs\sdl\sdl2-2.0.3\visualc\sdl\win32\release\sdl_touch.obj
d:\uni\git\unimod\libs\sdl\sdl2-2.0.3\visualc\sdl\win32\release\sdl_gesture.obj
d:\uni\git\unimod\libs\sdl\sdl2-2.0.3\visualc\sdl\win32\release\sdl_clipboardevents.obj
d:\uni\git\unimod\libs\sdl\sdl2-2.0.3\visualc\sdl\win32\release\sdl_dynapi.obj
d:\uni\git\unimod\libs\sdl\sdl2-2.0.3\visualc\sdl\win32\release\sdl_windows.obj
d:\uni\git\unimod\libs\sdl\sdl2-2.0.3\visualc\sdl\win32\release\sdl_atomic.obj
d:\uni\git\unimod\libs\sdl\sdl2-2.0.3\visualc\sdl\win32\release\sdl_assert.obj
d:\uni\git\unimod\libs\sdl\sdl2-2.0.3\visualc\sdl\win32\release\sdl.obj
d:\uni\git\unimod\libs\sdl\sdl2-2.0.3\visualc\sdl\win32\release\sdl_rotate.obj
d:\uni\git\unimod\libs\sdl\sdl2-2.0.3\visualc\sdl\win32\release\sdl_render_sw.obj
d:\uni\git\unimod\libs\sdl\sdl2-2.0.3\visualc\sdl\win32\release\sdl_drawpoint.obj
d:\uni\git\unimod\libs\sdl\sdl2-2.0.3\visualc\sdl\win32\release\sdl_drawline.obj
d:\uni\git\unimod\libs\sdl\sdl2-2.0.3\visualc\sdl\win32\release\sdl_blendpoint.obj
d:\uni\git\unimod\libs\sdl\sdl2-2.0.3\visualc\sdl\win32\release\sdl_blendline.obj
d:\uni\git\unimod\libs\sdl\sdl2-2.0.3\visualc\sdl\win32\release\sdl_blendfillrect.obj
d:\uni\git\unimod\libs\sdl\sdl2-2.0.3\visualc\sdl\win32\release\sdl_yuv_sw.obj
d:\uni\git\unimod\libs\sdl\sdl2-2.0.3\visualc\sdl\win32\release\sdl_yuv_mmx.obj
d:\uni\git\unimod\libs\sdl\sdl2-2.0.3\visualc\sdl\win32\release\sdl_render.obj
d:\uni\git\unimod\libs\sdl\sdl2-2.0.3\visualc\sdl\win32\release\sdl_d3dmath.obj
d:\uni\git\unimod\libs\sdl\sdl2-2.0.3\visualc\sdl\win32\release\sdl_shaders_gl.obj
d:\uni\git\unimod\libs\sdl\sdl2-2.0.3\visualc\sdl\win32\release\sdl_render_gl.obj
d:\uni\git\unimod\libs\sdl\sdl2-2.0.3\visualc\sdl\win32\release\sdl_shaders_gles2.obj
d:\uni\git\unimod\libs\sdl\sdl2-2.0.3\visualc\sdl\win32\release\sdl_render_gles2.obj
d:\uni\git\unimod\libs\sdl\sdl2-2.0.3\visualc\sdl\win32\release\sdl_render_d3d.obj
d:\uni\git\unimod\libs\sdl\sdl2-2.0.3\visualc\sdl\win32\release\sdl_render_d3d11.obj
d:\uni\git\unimod\libs\sdl\sdl2-2.0.3\visualc\sdl\win32\release\sdl_egl.obj
d:\uni\git\unimod\libs\sdl\sdl2-2.0.3\visualc\sdl\win32\release\sdl_clipboard.obj
d:\uni\git\unimod\libs\sdl\sdl2-2.0.3\visualc\sdl\win32\release\sdl_cpuinfo.obj
d:\uni\git\unimod\libs\sdl\sdl2-2.0.3\visualc\sdl\win32\release\sdl_bmp.obj
d:\uni\git\unimod\libs\sdl\sdl2-2.0.3\visualc\sdl\win32\release\sdl_blit_slow.obj
d:\uni\git\unimod\libs\sdl\sdl2-2.0.3\visualc\sdl\win32\release\sdl_blit_n.obj
d:\uni\git\unimod\libs\sdl\sdl2-2.0.3\visualc\sdl\win32\release\sdl_blit_copy.obj
d:\uni\git\unimod\libs\sdl\sdl2-2.0.3\visualc\sdl\win32\release\sdl_blit_auto.obj
d:\uni\git\unimod\libs\sdl\sdl2-2.0.3\visualc\sdl\win32\release\sdl_blit_a.obj
d:\uni\git\unimod\libs\sdl\sdl2-2.0.3\visualc\sdl\win32\release\sdl_blit_1.obj
d:\uni\git\unimod\libs\sdl\sdl2-2.0.3\visualc\sdl\win32\release\sdl_blit_0.obj
d:\uni\git\unimod\libs\sdl\sdl2-2.0.3\visualc\sdl\win32\release\sdl_blit.obj
d:\uni\git\unimod\libs\sdl\sdl2-2.0.3\visualc\sdl\win32\release\sdl_nullframebuffer.obj
d:\uni\git\unimod\libs\sdl\sdl2-2.0.3\visualc\sdl\win32\release\sdl_log.obj
d:\uni\git\unimod\libs\sdl\sdl2-2.0.3\visualc\sdl\win32\release\sdl_hints.obj
d:\uni\git\unimod\libs\sdl\sdl2-2.0.3\visualc\sdl\win32\release\sdl_audiotypecvt.obj
d:\uni\git\unimod\libs\sdl\sdl2-2.0.3\visualc\sdl\win32\release\sdl_audiodev.obj
d:\uni\git\unimod\libs\sdl\sdl2-2.0.3\visualc\sdl\win32\release\sdl_audiocvt.obj
d:\uni\git\unimod\libs\sdl\sdl2-2.0.3\visualc\sdl\win32\release\sdl_audio.obj
d:\uni\git\unimod\libs\sdl\sdl2-2.0.3\visualc\sdl\win32\release\sdl_spinlock.obj
d:\uni\git\unimod\libs\sdl\sdl2-2.0.3\visualc\sdl\win32\release\sdl_mouse.obj
d:\uni\git\unimod\libs\sdl\sdl2-2.0.3\visualc\sdl\win32\release\sdl_mmjoystick.obj
d:\uni\git\unimod\libs\sdl\sdl2-2.0.3\visualc\sdl\win32\release\sdl_mixer.obj
d:\uni\git\unimod\libs\sdl\sdl2-2.0.3\visualc\sdl\win32\release\sdl_malloc.obj
d:\uni\git\unimod\libs\sdl\sdl2-2.0.3\visualc\sdl\win32\release\sdl_keyboard.obj
d:\uni\git\unimod\libs\sdl\sdl2-2.0.3\visualc\sdl\win32\release\sdl_joystick.obj
d:\uni\git\unimod\libs\sdl\sdl2-2.0.3\visualc\sdl\win32\release\sdl_iconv.obj
d:\uni\git\unimod\libs\sdl\sdl2-2.0.3\visualc\sdl\win32\release\sdl_haptic.obj
d:\uni\git\unimod\libs\sdl\sdl2-2.0.3\visualc\sdl\win32\release\sdl_getenv.obj
d:\uni\git\unimod\libs\sdl\sdl2-2.0.3\visualc\sdl\win32\release\sdl_fillrect.obj
d:\uni\git\unimod\libs\sdl\sdl2-2.0.3\visualc\sdl\win32\release\sdl_events.obj
d:\uni\git\unimod\libs\sdl\sdl2-2.0.3\visualc\sdl\win32\release\sdl_error.obj
d:\uni\git\unimod\libs\sdl\sdl2-2.0.3\visualc\sdl\win32\release\sdl_dxjoystick.obj
d:\uni\git\unimod\libs\sdl\sdl2-2.0.3\visualc\sdl\win32\release\sdl_xaudio2.obj
d:\uni\git\unimod\libs\sdl\sdl2-2.0.3\visualc\sdl\win32\release\sdl_dropevents.obj
d:\uni\git\unimod\libs\sdl\sdl2-2.0.3\visualc\sdl\win32\release\sdl_directsound.obj
d:\uni\git\unimod\libs\sdl\sdl2-2.0.3\visualc\sdl\win32\release\sdl_dummyaudio.obj
d:\uni\git\unimod\libs\sdl\sdl2-2.0.3\visualc\sdl\win32\release\sdl_diskaudio.obj
d:\uni\git\unimod\libs\sdl\sdl2-2.0.3\visualc\sdl\win32\release\sdl_winmm.obj
d:\uni\git\unimod\libs\sdl\sdl2-2.0.3\visualc\sdl\win32\release\sdl_shape.obj
d:\uni\git\unimod\libs\sdl\sdl2-2.0.3\visualc\sdl\win32\release\sdl_syssem.obj
d:\uni\git\unimod\libs\sdl\sdl2-2.0.3\visualc\sdl\win32\release\sdl_syspower.obj
d:\uni\git\unimod\libs\sdl\sdl2-2.0.3\visualc\sdl\win32\release\sdl_sysmutex.obj
d:\uni\git\unimod\libs\sdl\sdl2-2.0.3\visualc\sdl\win32\release\sdl_sysloadso.obj
d:\uni\git\unimod\libs\sdl\sdl2-2.0.3\visualc\sdl\win32\release\sdl_syshaptic.obj
d:\uni\git\unimod\libs\sdl\sdl2-2.0.3\visualc\sdl\win32\release\sdl_sysfilesystem.obj
d:\uni\git\unimod\libs\sdl\sdl2-2.0.3\visualc\sdl\win32\release\sdl_syscond.obj
d:\uni\git\unimod\libs\sdl\sdl2-2.0.3\visualc\sdl\win32\release\sdl_surface.obj
d:\uni\git\unimod\libs\sdl\sdl2-2.0.3\visualc\sdl\win32\release\sdl_string.obj
d:\uni\git\unimod\libs\sdl\sdl2-2.0.3\visualc\sdl\win32\release\sdl_stretch.obj
d:\uni\git\unimod\libs\sdl\sdl2-2.0.3\visualc\sdl\win32\release\sdl_stdlib.obj
d:\uni\git\unimod\libs\sdl\sdl2-2.0.3\visualc\sdl\win32\release\sdl_rwops.obj
d:\uni\git\unimod\libs\sdl\sdl2-2.0.3\visualc\sdl\win32\release\sdl_rleaccel.obj
d:\uni\git\unimod\libs\sdl\sdl2-2.0.3\visualc\sdl\win32\release\sdl_rect.obj
d:\uni\git\unimod\libs\sdl\sdl2-2.0.3\visualc\sdl\win32\release\sdl_quit.obj
d:\uni\git\unimod\libs\sdl\sdl2-2.0.3\visualc\sdl\win32\release\sdl_qsort.obj
d:\uni\git\unimod\libs\sdl\sdl2-2.0.3\visualc\sdl\win32\release\sdl_power.obj
d:\uni\git\unimod\libs\sdl\sdl2-2.0.3\visualc\sdl\win32\release\sdl_pixels.obj
d:\uni\git\unimod\libs\sdl\sdl2-2.0.3\visualc\sdl\win32\release\sdl_nullvideo.obj
d:\uni\git\unimod\libs\sdl\sdl2-2.0.3\visualc\sdl\win32\release\sdl_nullevents.obj
d:\uni\git\unimod\libs\sdl\sdl2-2.0.3\visualc\sdl\win32\release\sdl_windowevents.obj
d:\uni\git\unimod\libs\sdl\sdl2-2.0.3\visualc\sdl\win32\release\sdl_windowswindow.obj
d:\uni\git\unimod\libs\sdl\sdl2-2.0.3\visualc\sdl\win32\release\sdl_windowsvideo.obj
d:\uni\git\unimod\libs\sdl\sdl2-2.0.3\visualc\sdl\win32\release\sdl_windowsshape.obj
d:\uni\git\unimod\libs\sdl\sdl2-2.0.3\visualc\sdl\win32\release\sdl_windowsopengles.obj
d:\uni\git\unimod\libs\sdl\sdl2-2.0.3\visualc\sdl\win32\release\sdl_windowsopengl.obj
d:\uni\git\unimod\libs\sdl\sdl2-2.0.3\visualc\sdl\win32\release\sdl_windowsmouse.obj
d:\uni\git\unimod\libs\sdl\sdl2-2.0.3\visualc\sdl\win32\release\sdl_windowsmodes.obj
d:\uni\git\unimod\libs\sdl\sdl2-2.0.3\visualc\sdl\win32\release\sdl_windowsmessagebox.obj
d:\uni\git\unimod\libs\sdl\sdl2-2.0.3\visualc\sdl\win32\release\sdl_windowskeyboard.obj
d:\uni\git\unimod\libs\sdl\sdl2-2.0.3\visualc\sdl\win32\release\sdl_windowsframebuffer.obj
d:\uni\git\unimod\libs\sdl\sdl2-2.0.3\visualc\sdl\win32\release\sdl_windowsevents.obj
d:\uni\git\unimod\libs\sdl\sdl2-2.0.3\visualc\sdl\win32\release\sdl_windowsclipboard.obj
d:\uni\git\unimod\libs\sdl\sdl2-2.0.3\visualc\sdl\win32\release\sdl_wave.obj
d:\uni\git\unimod\libs\sdl\sdl2-2.0.3\visualc\sdl\win32\release\sdl_video.obj
d:\uni\git\unimod\libs\sdl\sdl2-2.0.3\visualc\sdl\win32\release\sdl_timer.obj
d:\uni\git\unimod\libs\sdl\sdl2-2.0.3\visualc\sdl\win32\release\sdl_thread.obj
d:\uni\git\unimod\libs\sdl\sdl2-2.0.3\visualc\sdl\win32\release\sdl_systimer.obj
d:\uni\git\unimod\libs\sdl\sdl2-2.0.3\visualc\sdl\win32\release\sdl_systls.obj
d:\uni\git\unimod\libs\sdl\sdl2-2.0.3\visualc\sdl\win32\release\sdl_systhread.obj
d:\uni\git\unimod\libs\sdl\sdl2-2.0.3\visualc\sdl\win32\release\sdl_gamecontroller.obj
d:\uni\git\unimod\libs\sdl2.lib
d:\uni\git\unimod\libs\sdl\sdl2-2.0.3\visualc\sdl\win32\release\version.res
d:\uni\git\unimod\libs\sdl\sdl2-2.0.3\visualc\sdl\win32\release\sdl2.tlog\cl.command.1.tlog
d:\uni\git\unimod\libs\sdl\sdl2-2.0.3\visualc\sdl\win32\release\sdl2.tlog\cl.read.1.tlog
d:\uni\git\unimod\libs\sdl\sdl2-2.0.3\visualc\sdl\win32\release\sdl2.tlog\cl.write.1.tlog
d:\uni\git\unimod\libs\sdl\sdl2-2.0.3\visualc\sdl\win32\release\sdl2.tlog\lib-link-cvtres.read.1.tlog
d:\uni\git\unimod\libs\sdl\sdl2-2.0.3\visualc\sdl\win32\release\sdl2.tlog\lib-link-cvtres.write.1.tlog
d:\uni\git\unimod\libs\sdl\sdl2-2.0.3\visualc\sdl\win32\release\sdl2.tlog\lib.command.1.tlog
d:\uni\git\unimod\libs\sdl\sdl2-2.0.3\visualc\sdl\win32\release\sdl2.tlog\rc.command.1.tlog
d:\uni\git\unimod\libs\sdl\sdl2-2.0.3\visualc\sdl\win32\release\sdl2.tlog\rc.read.1.tlog
d:\uni\git\unimod\libs\sdl\sdl2-2.0.3\visualc\sdl\win32\release\sdl2.tlog\rc.write.1.tlog
